\BOOKMARK [0][-]{section*.1}{\376\377\000\315\000n\000d\000i\000c\000e\000\040\000d\000e\000\040\000f\000i\000g\000u\000r\000a\000s}{}% 1
\BOOKMARK [0][-]{section*.2}{\376\377\000\315\000n\000d\000i\000c\000e\000\040\000d\000e\000\040\000t\000a\000b\000l\000a\000s}{}% 2
\BOOKMARK [0][-]{section*.3}{\376\377\000L\000i\000s\000t\000i\000n\000g\000s}{}% 3
\BOOKMARK [0][-]{chapter.1}{\376\377\000I\000n\000t\000r\000o\000d\000u\000c\000c\000i\000\363\000n}{}% 4
\BOOKMARK [0][-]{chapter.2}{\376\377\000A\000n\000\341\000l\000i\000s\000i\000s\000\040\000d\000e\000\040\000r\000e\000q\000u\000i\000s\000i\000t\000o\000s}{}% 5
\BOOKMARK [1][-]{subsection.2.0.1}{\376\377\000R\000e\000q\000u\000i\000s\000i\000t\000o\000s\000\040\000f\000u\000n\000c\000i\000o\000n\000a\000l\000e\000s}{chapter.2}% 6
\BOOKMARK [2][-]{subsection.2.0.2}{\376\377\000R\000e\000q\000u\000i\000s\000i\000t\000o\000s\000\040\000n\000o\000\040\000f\000u\000n\000c\000i\000o\000n\000a\000l\000e\000s}{subsection.2.0.1}% 7
\BOOKMARK [2][-]{subsection.2.0.3}{\376\377\000R\000o\000l\000e\000s}{subsection.2.0.1}% 8
\BOOKMARK [0][-]{chapter.3}{\376\377\000E\000s\000t\000r\000u\000c\000t\000u\000r\000a\000\040\000d\000e\000l\000\040\000p\000r\000o\000y\000e\000c\000t\000o}{}% 9
\BOOKMARK [1][-]{section.3.1}{\376\377\000P\000r\000e\000s\000e\000n\000t\000a\000c\000i\000\363\000n}{chapter.3}% 10
\BOOKMARK [1][-]{section.3.2}{\376\377\000A\000p\000l\000i\000c\000a\000c\000i\000\363\000n}{chapter.3}% 11
\BOOKMARK [1][-]{section.3.3}{\376\377\000I\000n\000f\000r\000a\000e\000s\000t\000r\000u\000c\000t\000u\000r\000a}{chapter.3}% 12
\BOOKMARK [1][-]{section.3.4}{\376\377\000D\000o\000m\000i\000n\000i\000o}{chapter.3}% 13
\BOOKMARK [0][-]{chapter.4}{\376\377\000P\000r\000o\000y\000e\000c\000t\000o}{}% 14
\BOOKMARK [1][-]{section.4.1}{\376\377\000A\000c\000c\000e\000s\000o\000\040\000a\000\040\000p\000l\000a\000t\000a\000f\000o\000r\000m\000a\000\040\000d\000e\000\040\000a\000p\000r\000e\000n\000d\000i\000z\000a\000j\000e}{chapter.4}% 15
\BOOKMARK [1][-]{section.4.2}{\376\377\000A\000c\000c\000e\000s\000o\000\040\000d\000i\000r\000e\000c\000t\000o\000\040\000a\000\040\000l\000a\000\040\000p\000l\000a\000t\000a\000f\000o\000r\000m\000a\000\040\000d\000e\000\040\000c\000i\000b\000e\000r\000s\000e\000g\000u\000r\000i\000d\000a\000d}{chapter.4}% 16
\BOOKMARK [1][-]{section.4.3}{\376\377\000S\000o\000l\000i\000c\000i\000t\000a\000r\000\040\000n\000u\000e\000v\000a\000\040\000a\000c\000c\000i\000\363\000n\000\040\000f\000o\000r\000m\000a\000t\000i\000v\000a}{chapter.4}% 17
\BOOKMARK [1][-]{section.4.4}{\376\377\000S\000o\000l\000i\000c\000i\000t\000a\000r\000\040\000i\000n\000c\000l\000u\000i\000r\000s\000e\000\040\000e\000n\000\040\000u\000n\000a\000\040\000a\000c\000c\000i\000\363\000n\000\040\000f\000o\000r\000m\000a\000t\000i\000v\000a\000\040\000y\000a\000\040\000c\000r\000e\000a\000d\000a}{chapter.4}% 18
\BOOKMARK [1][-]{section.4.5}{\376\377\000C\000l\000o\000n\000a\000c\000i\000\363\000n\000\040\000y\000\040\000v\000a\000l\000o\000r\000a\000c\000i\000o\000n\000e\000s}{chapter.4}% 19
\BOOKMARK [2][-]{subsection.4.5.1}{\376\377\000I\000N\000F\000O\000R\000M\000A\000C\000I\000\323\000N\000\040\000P\000A\000R\000A\000\040\000R\000E\000S\000P\000O\000N\000S\000A\000B\000L\000E\000S\000\040\000Y\000\040\000D\000I\000R\000E\000C\000T\000O\000R\000E\000S}{section.4.5}% 20
\BOOKMARK [1][-]{section.4.6}{\376\377\000P\000l\000a\000n\000e\000s\000\040\000d\000e\000\040\000f\000o\000r\000m\000a\000c\000i\000\363\000n\000\040\000y\000\040\000p\000r\000o\000p\000u\000e\000s\000t\000a\000s}{chapter.4}% 21
\BOOKMARK [0][-]{section*.38}{\376\377\000B\000i\000b\000l\000i\000o\000g\000r\000a\000f\000\355\000a}{}% 22
\BOOKMARK [0][-]{section*.39}{\376\377\000\315\000n\000d\000i\000c\000e\000\040\000a\000l\000f\000a\000b\000\351\000t\000i\000c\000o}{}% 23
\BOOKMARK [0][-]{section*.39}{\376\377\000A\000p\000\351\000n\000d\000i\000c\000e}{}% 24
