This is pdfTeX, Version 3.141592653-2.6-1.40.25 (MiKTeX 24.1) (preloaded format=pdflatex 2025.10.16)  9 NOV 2025 22:02
entering extended mode
 restricted \write18 enabled.
 %&-line parsing enabled.
**./Principal.tex
(Principal.tex
LaTeX2e <2023-11-01> patch level 1
L3 programming layer <2024-01-04>
(TFG.cls
Document Class: TFG 2023-09-12 TFG document template
(C:\Program Files\MiKTeX\tex/latex/base\book.cls
Document Class: book 2023/05/17 v1.4n Standard LaTeX document class
(C:\Program Files\MiKTeX\tex/latex/base\bk11.clo
File: bk11.clo 2023/05/17 v1.4n Standard LaTeX file (size option)
)
\c@part=\count187
\c@chapter=\count188
\c@section=\count189
\c@subsection=\count190
\c@subsubsection=\count191
\c@paragraph=\count192
\c@subparagraph=\count193
\c@figure=\count194
\c@table=\count195
\abovecaptionskip=\skip48
\belowcaptionskip=\skip49
\bibindent=\dimen140
)
(C:\Program Files\MiKTeX\tex/latex/base\inputenc.sty
Package: inputenc 2021/02/14 v1.3d Input encoding file
\inpenc@prehook=\toks17
\inpenc@posthook=\toks18
)
(C:\Program Files\MiKTeX\tex/latex/base\fontenc.sty
Package: fontenc 2021/04/29 v2.0v Standard LaTeX package
)
(C:\Program Files\MiKTeX\tex/latex/hyperref\hyperref.sty
Package: hyperref 2023-11-26 v7.01g Hypertext links for LaTeX

(C:\Program Files\MiKTeX\tex/generic/iftex\iftex.sty
Package: iftex 2022/02/03 v1.0f TeX engine tests
)
(C:\Program Files\MiKTeX\tex/generic/infwarerr\infwarerr.sty
Package: infwarerr 2019/12/03 v1.5 Providing info/warning/error messages (HO)
)
(C:\Program Files\MiKTeX\tex/latex/graphics\keyval.sty
Package: keyval 2022/05/29 v1.15 key=value parser (DPC)
\KV@toks@=\toks19
)
(C:\Program Files\MiKTeX\tex/latex/kvsetkeys\kvsetkeys.sty
Package: kvsetkeys 2022-10-05 v1.19 Key value parser (HO)
)
(C:\Program Files\MiKTeX\tex/generic/kvdefinekeys\kvdefinekeys.sty
Package: kvdefinekeys 2019-12-19 v1.6 Define keys (HO)
)
(C:\Program Files\MiKTeX\tex/generic/pdfescape\pdfescape.sty
Package: pdfescape 2019/12/09 v1.15 Implements pdfTeX's escape features (HO)

(C:\Program Files\MiKTeX\tex/generic/ltxcmds\ltxcmds.sty
Package: ltxcmds 2023-12-04 v1.26 LaTeX kernel commands for general use (HO)
)
(C:\Program Files\MiKTeX\tex/generic/pdftexcmds\pdftexcmds.sty
Package: pdftexcmds 2020-06-27 v0.33 Utility functions of pdfTeX for LuaTeX (HO
)
Package pdftexcmds Info: \pdf@primitive is available.
Package pdftexcmds Info: \pdf@ifprimitive is available.
Package pdftexcmds Info: \pdfdraftmode found.
))
(C:\Program Files\MiKTeX\tex/latex/hycolor\hycolor.sty
Package: hycolor 2020-01-27 v1.10 Color options for hyperref/bookmark (HO)
)
(C:\Program Files\MiKTeX\tex/latex/letltxmacro\letltxmacro.sty
Package: letltxmacro 2019/12/03 v1.6 Let assignment for LaTeX macros (HO)
)
(C:\Program Files\MiKTeX\tex/latex/auxhook\auxhook.sty
Package: auxhook 2019-12-17 v1.6 Hooks for auxiliary files (HO)
)
(C:\Program Files\MiKTeX\tex/latex/hyperref\nameref.sty
Package: nameref 2023-11-26 v2.56 Cross-referencing by name of section

(C:\Program Files\MiKTeX\tex/latex/refcount\refcount.sty
Package: refcount 2019/12/15 v3.6 Data extraction from label references (HO)
)
(C:\Program Files\MiKTeX\tex/generic/gettitlestring\gettitlestring.sty
Package: gettitlestring 2019/12/15 v1.6 Cleanup title references (HO)

(C:\Program Files\MiKTeX\tex/latex/kvoptions\kvoptions.sty
Package: kvoptions 2022-06-15 v3.15 Key value format for package options (HO)
))
\c@section@level=\count196
)
(C:\Program Files\MiKTeX\tex/latex/etoolbox\etoolbox.sty
Package: etoolbox 2020/10/05 v2.5k e-TeX tools for LaTeX (JAW)
\etb@tempcnta=\count197
)
\@linkdim=\dimen141
\Hy@linkcounter=\count198
\Hy@pagecounter=\count199

(C:\Program Files\MiKTeX\tex/latex/hyperref\pd1enc.def
File: pd1enc.def 2023-11-26 v7.01g Hyperref: PDFDocEncoding definition (HO)
Now handling font encoding PD1 ...
... no UTF-8 mapping file for font encoding PD1
)
(C:\Program Files\MiKTeX\tex/generic/intcalc\intcalc.sty
Package: intcalc 2019/12/15 v1.3 Expandable calculations with integers (HO)
)
\Hy@SavedSpaceFactor=\count266

(C:\Program Files\MiKTeX\tex/latex/hyperref\puenc.def
File: puenc.def 2023-11-26 v7.01g Hyperref: PDF Unicode definition (HO)
Now handling font encoding PU ...
... no UTF-8 mapping file for font encoding PU
)
Package hyperref Info: Hyper figures OFF on input line 4181.
Package hyperref Info: Link nesting OFF on input line 4186.
Package hyperref Info: Hyper index ON on input line 4189.
Package hyperref Info: Plain pages OFF on input line 4196.
Package hyperref Info: Backreferencing OFF on input line 4201.
Package hyperref Info: Implicit mode ON; LaTeX internals redefined.
Package hyperref Info: Bookmarks ON on input line 4448.
\c@Hy@tempcnt=\count267

(C:\Program Files\MiKTeX\tex/latex/url\url.sty
\Urlmuskip=\muskip16
Package: url 2013/09/16  ver 3.4  Verb mode for urls, etc.
)
LaTeX Info: Redefining \url on input line 4786.
\XeTeXLinkMargin=\dimen142

(C:\Program Files\MiKTeX\tex/generic/bitset\bitset.sty
Package: bitset 2019/12/09 v1.3 Handle bit-vector datatype (HO)

(C:\Program Files\MiKTeX\tex/generic/bigintcalc\bigintcalc.sty
Package: bigintcalc 2019/12/15 v1.5 Expandable calculations on big integers (HO
)
))
\Fld@menulength=\count268
\Field@Width=\dimen143
\Fld@charsize=\dimen144
Package hyperref Info: Hyper figures OFF on input line 6065.
Package hyperref Info: Link nesting OFF on input line 6070.
Package hyperref Info: Hyper index ON on input line 6073.
Package hyperref Info: backreferencing OFF on input line 6080.
Package hyperref Info: Link coloring OFF on input line 6085.
Package hyperref Info: Link coloring with OCG OFF on input line 6090.
Package hyperref Info: PDF/A mode OFF on input line 6095.

(C:\Program Files\MiKTeX\tex/latex/base\atbegshi-ltx.sty
Package: atbegshi-ltx 2021/01/10 v1.0c Emulation of the original atbegshi
package with kernel methods
)
\Hy@abspage=\count269
\c@Item=\count270
\c@Hfootnote=\count271
)
Package hyperref Info: Driver (autodetected): hpdftex.

(C:\Program Files\MiKTeX\tex/latex/hyperref\hpdftex.def
File: hpdftex.def 2023-11-26 v7.01g Hyperref driver for pdfTeX

(C:\Program Files\MiKTeX\tex/latex/base\atveryend-ltx.sty
Package: atveryend-ltx 2020/08/19 v1.0a Emulation of the original atveryend pac
kage
with kernel methods
)
\Fld@listcount=\count272
\c@bookmark@seq@number=\count273

(C:\Program Files\MiKTeX\tex/latex/rerunfilecheck\rerunfilecheck.sty
Package: rerunfilecheck 2025-06-21 v1.11 Rerun checks for auxiliary files (HO)

(C:\Program Files\MiKTeX\tex/generic/uniquecounter\uniquecounter.sty
Package: uniquecounter 2019/12/15 v1.4 Provide unlimited unique counter (HO)
)
Package uniquecounter Info: New unique counter `rerunfilecheck' on input line 2
84.
)
\Hy@SectionHShift=\skip50
)
(C:\Program Files\MiKTeX\tex/latex/graphics\graphicx.sty
Package: graphicx 2021/09/16 v1.2d Enhanced LaTeX Graphics (DPC,SPQR)

(C:\Program Files\MiKTeX\tex/latex/graphics\graphics.sty
Package: graphics 2022/03/10 v1.4e Standard LaTeX Graphics (DPC,SPQR)

(C:\Program Files\MiKTeX\tex/latex/graphics\trig.sty
Package: trig 2021/08/11 v1.11 sin cos tan (DPC)
)
(C:\Program Files\MiKTeX\tex/latex/graphics-cfg\graphics.cfg
File: graphics.cfg 2016/06/04 v1.11 sample graphics configuration
)
Package graphics Info: Driver file: pdftex.def on input line 107.

(C:\Program Files\MiKTeX\tex/latex/graphics-def\pdftex.def
File: pdftex.def 2022/09/22 v1.2b Graphics/color driver for pdftex
))
\Gin@req@height=\dimen145
\Gin@req@width=\dimen146
)
(C:\Program Files\MiKTeX\tex/latex/amsfonts\amsfonts.sty
Package: amsfonts 2013/01/14 v3.01 Basic AMSFonts support
\@emptytoks=\toks20
\symAMSa=\mathgroup4
\symAMSb=\mathgroup5
LaTeX Font Info:    Redeclaring math symbol \hbar on input line 98.
LaTeX Font Info:    Overwriting math alphabet `\mathfrak' in version `bold'
(Font)                  U/euf/m/n --> U/euf/b/n on input line 106.
)
(C:\Program Files\MiKTeX\tex/latex/psfrag\psfrag.sty
Package: psfrag 1998/04/11 v3.04 PSfrag (MCG)
\pfg@pcount=\count274
\pfg@scount=\count275
\pfg@temp=\write3
)
(C:\Program Files\MiKTeX\tex/latex/fancyhdr\fancyhdr.sty
Package: fancyhdr 2025/02/07 v5.2 Extensive control of page headers and footers

\f@nch@headwidth=\skip51
\f@nch@offset@elh=\skip52
\f@nch@offset@erh=\skip53
\f@nch@offset@olh=\skip54
\f@nch@offset@orh=\skip55
\f@nch@offset@elf=\skip56
\f@nch@offset@erf=\skip57
\f@nch@offset@olf=\skip58
\f@nch@offset@orf=\skip59
\f@nch@height=\skip60
\f@nch@footalignment=\skip61
\f@nch@widthL=\skip62
\f@nch@widthC=\skip63
\f@nch@widthR=\skip64
\@temptokenb=\toks21
)
(C:\Program Files\MiKTeX\tex/latex/tools\layout.sty
Package: layout 2023-08-20 v1.2e Show layout parameters
\oneinch=\count276
\cnt@paperwidth=\count277
\cnt@paperheight=\count278
\cnt@hoffset=\count279
\cnt@voffset=\count280
\cnt@textheight=\count281
\cnt@textwidth=\count282
\cnt@topmargin=\count283
\cnt@oddsidemargin=\count284
\cnt@evensidemargin=\count285
\cnt@headheight=\count286
\cnt@headsep=\count287
\cnt@marginparsep=\count288
\cnt@marginparwidth=\count289
\cnt@marginparpush=\count290
\cnt@footskip=\count291
\fheight=\count292
\ref@top=\count293
\ref@hoffset=\count294
\ref@voffset=\count295
\ref@head=\count296
\ref@body=\count297
\ref@foot=\count298
\ref@margin=\count299
\ref@marginwidth=\count300
\ref@marginpar=\count301
\Interval=\count302
\ExtraYPos=\count303
\PositionX=\count304
\PositionY=\count305
\ArrowLength=\count306
)
(C:\Program Files\MiKTeX\tex/latex/xcolor\xcolor.sty
Package: xcolor 2023/11/15 v3.01 LaTeX color extensions (UK)

(C:\Program Files\MiKTeX\tex/latex/graphics-cfg\color.cfg
File: color.cfg 2016/01/02 v1.6 sample color configuration
)
Package xcolor Info: Driver file: pdftex.def on input line 274.

(C:\Program Files\MiKTeX\tex/latex/graphics\mathcolor.ltx)
Package xcolor Info: Model `cmy' substituted by `cmy0' on input line 1350.
Package xcolor Info: Model `hsb' substituted by `rgb' on input line 1354.
Package xcolor Info: Model `RGB' extended on input line 1366.
Package xcolor Info: Model `HTML' substituted by `rgb' on input line 1368.
Package xcolor Info: Model `Hsb' substituted by `hsb' on input line 1369.
Package xcolor Info: Model `tHsb' substituted by `hsb' on input line 1370.
Package xcolor Info: Model `HSB' substituted by `hsb' on input line 1371.
Package xcolor Info: Model `Gray' substituted by `gray' on input line 1372.
Package xcolor Info: Model `wave' substituted by `hsb' on input line 1373.
)
(C:\Program Files\MiKTeX\tex/latex/colortbl\colortbl.sty
Package: colortbl 2024/10/29 v1.0k Color table columns (DPC)

(C:\Program Files\MiKTeX\tex/latex/tools\array.sty
Package: array 2023/10/16 v2.5g Tabular extension package (FMi)
\col@sep=\dimen147
\ar@mcellbox=\box51
\extrarowheight=\dimen148
\NC@list=\toks22
\extratabsurround=\skip65
\backup@length=\skip66
\ar@cellbox=\box52
)
\everycr=\toks23
\minrowclearance=\skip67
\rownum=\count307
)
(C:\Program Files\MiKTeX\tex/latex/geometry\geometry.sty
Package: geometry 2020/01/02 v5.9 Page Geometry

(C:\Program Files\MiKTeX\tex/generic/iftex\ifvtex.sty
Package: ifvtex 2019/10/25 v1.7 ifvtex legacy package. Use iftex instead.
)
\Gm@cnth=\count308
\Gm@cntv=\count309
\c@Gm@tempcnt=\count310
\Gm@bindingoffset=\dimen149
\Gm@wd@mp=\dimen150
\Gm@odd@mp=\dimen151
\Gm@even@mp=\dimen152
\Gm@layoutwidth=\dimen153
\Gm@layoutheight=\dimen154
\Gm@layouthoffset=\dimen155
\Gm@layoutvoffset=\dimen156
\Gm@dimlist=\toks24

(C:\Program Files\MiKTeX\tex/latex/geometry\geometry.cfg))
(C:\Program Files\MiKTeX\tex/latex/fncychap\fncychap.sty
Package: fncychap 2007/07/30 v1.34 LaTeX package (Revised chapters)
\RW=\skip68
\mylen=\skip69
\myhi=\skip70
\px=\skip71
\py=\skip72
\pyy=\skip73
\pxx=\skip74
)
(C:\Program Files\MiKTeX\tex/latex/oberdiek\hypcap.sty
Package: hypcap 2016/05/16 v1.12 Adjusting the anchors of captions (HO)
)
(C:\Program Files\MiKTeX\tex/latex/authorindex\authorindex.sty
Package: authorindex 2005/03/22 make index of authors cited in a work
)
(C:\Program Files\MiKTeX\tex/latex/float\float.sty
Package: float 2001/11/08 v1.3d Float enhancements (AL)
\c@float@type=\count311
\float@exts=\toks25
\float@box=\box53
\@float@everytoks=\toks26
\@floatcapt=\box54
)
(C:\Program Files\MiKTeX\tex/latex/caption\subcaption.sty
Package: subcaption 2023/07/28 v1.6b Sub-captions (AR)

(C:\Program Files\MiKTeX\tex/latex/caption\caption.sty
Package: caption 2023/08/05 v3.6o Customizing captions (AR)

(C:\Program Files\MiKTeX\tex/latex/caption\caption3.sty
Package: caption3 2023/07/31 v2.4d caption3 kernel (AR)
\caption@tempdima=\dimen157
\captionmargin=\dimen158
\caption@leftmargin=\dimen159
\caption@rightmargin=\dimen160
\caption@width=\dimen161
\caption@indent=\dimen162
\caption@parindent=\dimen163
\caption@hangindent=\dimen164
Package caption Info: Standard document class detected.
)
\c@caption@flags=\count312
\c@continuedfloat=\count313
Package caption Info: float package is loaded.
Package caption Info: hyperref package is loaded.
Package caption Info: hypcap package is loaded.
)
Package caption Info: New subtype `subfigure' on input line 238.
\c@subfigure=\count314
Package caption Info: New subtype `subtable' on input line 238.
\c@subtable=\count315
)
(C:\Program Files\MiKTeX\tex/latex/listings\listings.sty
\lst@mode=\count316
\lst@gtempboxa=\box55
\lst@token=\toks27
\lst@length=\count317
\lst@currlwidth=\dimen165
\lst@column=\count318
\lst@pos=\count319
\lst@lostspace=\dimen166
\lst@width=\dimen167
\lst@newlines=\count320
\lst@lineno=\count321
\lst@maxwidth=\dimen168

(C:\Program Files\MiKTeX\tex/latex/listings\lstmisc.sty
File: lstmisc.sty 2023/02/27 1.9 (Carsten Heinz)
\c@lstnumber=\count322
\lst@skipnumbers=\count323
\lst@framebox=\box56
)
(C:\Program Files\MiKTeX\tex/latex/listings\listings.cfg
File: listings.cfg 2023/02/27 1.9 listings configuration
))
Package: listings 2023/02/27 1.9 (Carsten Heinz)

(C:\Program Files\MiKTeX\tex/latex/amscls\amsthm.sty
Package: amsthm 2020/05/29 v2.20.6
\thm@style=\toks28
\thm@bodyfont=\toks29
\thm@headfont=\toks30
\thm@notefont=\toks31
\thm@headpunct=\toks32
\thm@preskip=\skip75
\thm@postskip=\skip76
\thm@headsep=\skip77
\dth@everypar=\toks33
)
(C:\Program Files\MiKTeX\tex/latex/thmtools\thmtools.sty
Package: thmtools 2023/05/04 v0.76
\thmt@toks=\toks34
\c@thmt@dummyctr=\count324

(C:\Program Files\MiKTeX\tex/latex/thmtools\thm-patch.sty
Package: thm-patch 2023/05/04 v0.76

(C:\Program Files\MiKTeX\tex/latex/thmtools\parseargs.sty
Package: parseargs 2023/05/04 v0.76
\@parsespec=\toks35
))
(C:\Program Files\MiKTeX\tex/latex/thmtools\thm-kv.sty
Package: thm-kv 2023/05/04 v0.76
Package thm-kv Info: Theorem names will be uppercased on input line 42.
Package thm-kv Info: kvsetkeys patch (v1.16 or later) on input line 158.
)
(C:\Program Files\MiKTeX\tex/latex/thmtools\thm-autoref.sty
Package: thm-autoref 2023/05/04 v0.76

(C:\Program Files\MiKTeX\tex/latex/thmtools\aliasctr.sty
Package: aliasctr 2023/05/04 v0.76
))
(C:\Program Files\MiKTeX\tex/latex/thmtools\thm-listof.sty
Package: thm-listof 2023/05/04 v0.76
)
(C:\Program Files\MiKTeX\tex/latex/thmtools\thm-restate.sty
Package: thm-restate 2023/05/04 v0.76
)
(C:\Program Files\MiKTeX\tex/latex/thmtools\thm-amsthm.sty
Package: thm-amsthm 2023/05/04 v0.76
\thmt@style@headstyle=\toks36
))
(C:\Program Files\MiKTeX\tex/latex/pdfpages\pdfpages.sty
Package: pdfpages 2025/07/23 v0.6g Insert pages of external PDF documents (AM)

(C:\Program Files\MiKTeX\tex/latex/base\ifthen.sty
Package: ifthen 2022/04/13 v1.1d Standard LaTeX ifthen package (DPC)
)
(C:\Program Files\MiKTeX\tex/latex/tools\calc.sty
Package: calc 2023/07/08 v4.3 Infix arithmetic (KKT,FJ)
\calc@Acount=\count325
\calc@Bcount=\count326
\calc@Adimen=\dimen169
\calc@Bdimen=\dimen170
\calc@Askip=\skip78
\calc@Bskip=\skip79
LaTeX Info: Redefining \setlength on input line 80.
LaTeX Info: Redefining \addtolength on input line 81.
\calc@Ccount=\count327
\calc@Cskip=\skip80
)
(C:\Program Files\MiKTeX\tex/latex/eso-pic\eso-pic.sty
Package: eso-pic 2023/05/03 v3.0c eso-pic (RN)
\ESO@tempdima=\dimen171
\ESO@tempdimb=\dimen172
)
\AM@pagewidth=\dimen173
\AM@pageheight=\dimen174
\AM@fboxrule=\dimen175

(C:\Program Files\MiKTeX\tex/latex/pdfpages\pppdftex.def
File: pppdftex.def 2025/07/23 v0.6g Pdfpages driver for pdfTeX (AM)
)
\pdfpages@includegraphics@status=\count328
\AM@pagebox=\box57
\AM@global@opts=\toks37
\AM@pagecnt=\count329
\AM@toc@title=\toks38
\AM@lof@heading=\toks39
\c@AM@survey=\count330
\AM@templatesizebox=\box58
)
(C:\Program Files\MiKTeX\tex/latex/imakeidx\imakeidx.sty
Package: imakeidx 2016/10/15 v1.3e Package for typesetting indices in a synchro
nous mode

(C:\Program Files\MiKTeX\tex/latex/xkeyval\xkeyval.sty
Package: xkeyval 2022/06/16 v2.9 package option processing (HA)

(C:\Program Files\MiKTeX\tex/generic/xkeyval\xkeyval.tex
(C:\Program Files\MiKTeX\tex/generic/xkeyval\xkvutils.tex
\XKV@toks=\toks40
\XKV@tempa@toks=\toks41
)
\XKV@depth=\count331
File: xkeyval.tex 2014/12/03 v2.7a key=value parser (HA)
))
(C:\Program Files\MiKTeX\tex/generic/iftex\ifxetex.sty
Package: ifxetex 2019/10/25 v0.7 ifxetex legacy package. Use iftex instead.
)
(C:\Program Files\MiKTeX\tex/generic/iftex\ifluatex.sty
Package: ifluatex 2019/10/25 v1.5 ifluatex legacy package. Use iftex instead.
)
(C:\Program Files\MiKTeX\tex/latex/tools\multicol.sty
Package: multicol 2023/03/30 v1.9f multicolumn formatting (FMi)
\c@tracingmulticols=\count332
\mult@box=\box59
\multicol@leftmargin=\dimen176
\c@unbalance=\count333
\c@collectmore=\count334
\doublecol@number=\count335
\multicoltolerance=\count336
\multicolpretolerance=\count337
\full@width=\dimen177
\page@free=\dimen178
\premulticols=\dimen179
\postmulticols=\dimen180
\multicolsep=\skip81
\multicolbaselineskip=\skip82
\partial@page=\box60
\last@line=\box61
\mc@boxedresult=\box62
\maxbalancingoverflow=\dimen181
\mult@rightbox=\box63
\mult@grightbox=\box64
\mult@firstbox=\box65
\mult@gfirstbox=\box66
\@tempa=\box67
\@tempa=\box68
\@tempa=\box69
\@tempa=\box70
\@tempa=\box71
\@tempa=\box72
\@tempa=\box73
\@tempa=\box74
\@tempa=\box75
\@tempa=\box76
\@tempa=\box77
\@tempa=\box78
\@tempa=\box79
\@tempa=\box80
\@tempa=\box81
\@tempa=\box82
\@tempa=\box83
\@tempa=\box84
\@tempa=\box85
\@tempa=\box86
\@tempa=\box87
\@tempa=\box88
\@tempa=\box89
\@tempa=\box90
\@tempa=\box91
\@tempa=\box92
\@tempa=\box93
\@tempa=\box94
\@tempa=\box95
\@tempa=\box96
\@tempa=\box97
\@tempa=\box98
\@tempa=\box99
\@tempa=\box100
\@tempa=\box101
\@tempa=\box102
\c@minrows=\count338
\c@columnbadness=\count339
\c@finalcolumnbadness=\count340
\last@try=\dimen182
\multicolovershoot=\dimen183
\multicolundershoot=\dimen184
\mult@nat@firstbox=\box103
\colbreak@box=\box104
\mc@col@check@num=\count341
))
\c@theorem=\count342
\c@definition=\count343
\c@lemma=\count344
Package hyperref Info: Option `colorlinks' set `true' on input line 44.
\Principal@idxfile=\write4
\openout4 = `Principal.idx'.


Writing index file Principal.idx
(C:\Program Files\MiKTeX\tex/latex/pgf/frontendlayer\tikz.sty
(C:\Program Files\MiKTeX\tex/latex/pgf/basiclayer\pgf.sty
(C:\Program Files\MiKTeX\tex/latex/pgf/utilities\pgfrcs.sty
(C:\Program Files\MiKTeX\tex/generic/pgf/utilities\pgfutil-common.tex
\pgfutil@everybye=\toks42
\pgfutil@tempdima=\dimen185
\pgfutil@tempdimb=\dimen186
)
(C:\Program Files\MiKTeX\tex/generic/pgf/utilities\pgfutil-latex.def
\pgfutil@abb=\box105
)
(C:\Program Files\MiKTeX\tex/generic/pgf/utilities\pgfrcs.code.tex
(C:\Program Files\MiKTeX\tex/generic/pgf\pgf.revision.tex)
Package: pgfrcs 2023-01-15 v3.1.10 (3.1.10)
))
Package: pgf 2023-01-15 v3.1.10 (3.1.10)

(C:\Program Files\MiKTeX\tex/latex/pgf/basiclayer\pgfcore.sty
(C:\Program Files\MiKTeX\tex/latex/pgf/systemlayer\pgfsys.sty
(C:\Program Files\MiKTeX\tex/generic/pgf/systemlayer\pgfsys.code.tex
Package: pgfsys 2023-01-15 v3.1.10 (3.1.10)

(C:\Program Files\MiKTeX\tex/generic/pgf/utilities\pgfkeys.code.tex
\pgfkeys@pathtoks=\toks43
\pgfkeys@temptoks=\toks44

(C:\Program Files\MiKTeX\tex/generic/pgf/utilities\pgfkeyslibraryfiltered.code.
tex
\pgfkeys@tmptoks=\toks45
))
\pgf@x=\dimen187
\pgf@y=\dimen188
\pgf@xa=\dimen189
\pgf@ya=\dimen190
\pgf@xb=\dimen191
\pgf@yb=\dimen192
\pgf@xc=\dimen193
\pgf@yc=\dimen194
\pgf@xd=\dimen195
\pgf@yd=\dimen196
\w@pgf@writea=\write5
\r@pgf@reada=\read2
\c@pgf@counta=\count345
\c@pgf@countb=\count346
\c@pgf@countc=\count347
\c@pgf@countd=\count348
\t@pgf@toka=\toks46
\t@pgf@tokb=\toks47
\t@pgf@tokc=\toks48
\pgf@sys@id@count=\count349
 (C:\Program Files\MiKTeX\tex/generic/pgf/systemlayer\pgf.cfg
File: pgf.cfg 2023-01-15 v3.1.10 (3.1.10)
)
Driver file for pgf: pgfsys-pdftex.def

(C:\Program Files\MiKTeX\tex/generic/pgf/systemlayer\pgfsys-pdftex.def
File: pgfsys-pdftex.def 2023-01-15 v3.1.10 (3.1.10)

(C:\Program Files\MiKTeX\tex/generic/pgf/systemlayer\pgfsys-common-pdf.def
File: pgfsys-common-pdf.def 2023-01-15 v3.1.10 (3.1.10)
)))
(C:\Program Files\MiKTeX\tex/generic/pgf/systemlayer\pgfsyssoftpath.code.tex
File: pgfsyssoftpath.code.tex 2023-01-15 v3.1.10 (3.1.10)
\pgfsyssoftpath@smallbuffer@items=\count350
\pgfsyssoftpath@bigbuffer@items=\count351
)
(C:\Program Files\MiKTeX\tex/generic/pgf/systemlayer\pgfsysprotocol.code.tex
File: pgfsysprotocol.code.tex 2023-01-15 v3.1.10 (3.1.10)
))
(C:\Program Files\MiKTeX\tex/generic/pgf/basiclayer\pgfcore.code.tex
Package: pgfcore 2023-01-15 v3.1.10 (3.1.10)

(C:\Program Files\MiKTeX\tex/generic/pgf/math\pgfmath.code.tex
(C:\Program Files\MiKTeX\tex/generic/pgf/math\pgfmathutil.code.tex)
(C:\Program Files\MiKTeX\tex/generic/pgf/math\pgfmathparser.code.tex
\pgfmath@dimen=\dimen197
\pgfmath@count=\count352
\pgfmath@box=\box106
\pgfmath@toks=\toks49
\pgfmath@stack@operand=\toks50
\pgfmath@stack@operation=\toks51
)
(C:\Program Files\MiKTeX\tex/generic/pgf/math\pgfmathfunctions.code.tex)
(C:\Program Files\MiKTeX\tex/generic/pgf/math\pgfmathfunctions.basic.code.tex)
(C:\Program Files\MiKTeX\tex/generic/pgf/math\pgfmathfunctions.trigonometric.co
de.tex)
(C:\Program Files\MiKTeX\tex/generic/pgf/math\pgfmathfunctions.random.code.tex)

(C:\Program Files\MiKTeX\tex/generic/pgf/math\pgfmathfunctions.comparison.code.
tex)
(C:\Program Files\MiKTeX\tex/generic/pgf/math\pgfmathfunctions.base.code.tex)
(C:\Program Files\MiKTeX\tex/generic/pgf/math\pgfmathfunctions.round.code.tex)
(C:\Program Files\MiKTeX\tex/generic/pgf/math\pgfmathfunctions.misc.code.tex)
(C:\Program Files\MiKTeX\tex/generic/pgf/math\pgfmathfunctions.integerarithmeti
cs.code.tex) (C:\Program Files\MiKTeX\tex/generic/pgf/math\pgfmathcalc.code.tex
) (C:\Program Files\MiKTeX\tex/generic/pgf/math\pgfmathfloat.code.tex
\c@pgfmathroundto@lastzeros=\count353
))
(C:\Program Files\MiKTeX\tex/generic/pgf/math\pgfint.code.tex)
(C:\Program Files\MiKTeX\tex/generic/pgf/basiclayer\pgfcorepoints.code.tex
File: pgfcorepoints.code.tex 2023-01-15 v3.1.10 (3.1.10)
\pgf@picminx=\dimen198
\pgf@picmaxx=\dimen199
\pgf@picminy=\dimen256
\pgf@picmaxy=\dimen257
\pgf@pathminx=\dimen258
\pgf@pathmaxx=\dimen259
\pgf@pathminy=\dimen260
\pgf@pathmaxy=\dimen261
\pgf@xx=\dimen262
\pgf@xy=\dimen263
\pgf@yx=\dimen264
\pgf@yy=\dimen265
\pgf@zx=\dimen266
\pgf@zy=\dimen267
)
(C:\Program Files\MiKTeX\tex/generic/pgf/basiclayer\pgfcorepathconstruct.code.t
ex
File: pgfcorepathconstruct.code.tex 2023-01-15 v3.1.10 (3.1.10)
\pgf@path@lastx=\dimen268
\pgf@path@lasty=\dimen269
)
(C:\Program Files\MiKTeX\tex/generic/pgf/basiclayer\pgfcorepathusage.code.tex
File: pgfcorepathusage.code.tex 2023-01-15 v3.1.10 (3.1.10)
\pgf@shorten@end@additional=\dimen270
\pgf@shorten@start@additional=\dimen271
)
(C:\Program Files\MiKTeX\tex/generic/pgf/basiclayer\pgfcorescopes.code.tex
File: pgfcorescopes.code.tex 2023-01-15 v3.1.10 (3.1.10)
\pgfpic=\box107
\pgf@hbox=\box108
\pgf@layerbox@main=\box109
\pgf@picture@serial@count=\count354
)
(C:\Program Files\MiKTeX\tex/generic/pgf/basiclayer\pgfcoregraphicstate.code.te
x
File: pgfcoregraphicstate.code.tex 2023-01-15 v3.1.10 (3.1.10)
\pgflinewidth=\dimen272
)
(C:\Program Files\MiKTeX\tex/generic/pgf/basiclayer\pgfcoretransformations.code
.tex
File: pgfcoretransformations.code.tex 2023-01-15 v3.1.10 (3.1.10)
\pgf@pt@x=\dimen273
\pgf@pt@y=\dimen274
\pgf@pt@temp=\dimen275
) (C:\Program Files\MiKTeX\tex/generic/pgf/basiclayer\pgfcorequick.code.tex
File: pgfcorequick.code.tex 2023-01-15 v3.1.10 (3.1.10)
) (C:\Program Files\MiKTeX\tex/generic/pgf/basiclayer\pgfcoreobjects.code.tex
File: pgfcoreobjects.code.tex 2023-01-15 v3.1.10 (3.1.10)
)
(C:\Program Files\MiKTeX\tex/generic/pgf/basiclayer\pgfcorepathprocessing.code.
tex
File: pgfcorepathprocessing.code.tex 2023-01-15 v3.1.10 (3.1.10)
) (C:\Program Files\MiKTeX\tex/generic/pgf/basiclayer\pgfcorearrows.code.tex
File: pgfcorearrows.code.tex 2023-01-15 v3.1.10 (3.1.10)
\pgfarrowsep=\dimen276
) (C:\Program Files\MiKTeX\tex/generic/pgf/basiclayer\pgfcoreshade.code.tex
File: pgfcoreshade.code.tex 2023-01-15 v3.1.10 (3.1.10)
\pgf@max=\dimen277
\pgf@sys@shading@range@num=\count355
\pgf@shadingcount=\count356
)
(C:\Program Files\MiKTeX\tex/generic/pgf/basiclayer\pgfcoreimage.code.tex
File: pgfcoreimage.code.tex 2023-01-15 v3.1.10 (3.1.10)
)
(C:\Program Files\MiKTeX\tex/generic/pgf/basiclayer\pgfcoreexternal.code.tex
File: pgfcoreexternal.code.tex 2023-01-15 v3.1.10 (3.1.10)
\pgfexternal@startupbox=\box110
)
(C:\Program Files\MiKTeX\tex/generic/pgf/basiclayer\pgfcorelayers.code.tex
File: pgfcorelayers.code.tex 2023-01-15 v3.1.10 (3.1.10)
)
(C:\Program Files\MiKTeX\tex/generic/pgf/basiclayer\pgfcoretransparency.code.te
x
File: pgfcoretransparency.code.tex 2023-01-15 v3.1.10 (3.1.10)
) (C:\Program Files\MiKTeX\tex/generic/pgf/basiclayer\pgfcorepatterns.code.tex
File: pgfcorepatterns.code.tex 2023-01-15 v3.1.10 (3.1.10)
) (C:\Program Files\MiKTeX\tex/generic/pgf/basiclayer\pgfcorerdf.code.tex
File: pgfcorerdf.code.tex 2023-01-15 v3.1.10 (3.1.10)
)))
(C:\Program Files\MiKTeX\tex/generic/pgf/modules\pgfmoduleshapes.code.tex
File: pgfmoduleshapes.code.tex 2023-01-15 v3.1.10 (3.1.10)
\pgfnodeparttextbox=\box111
)
(C:\Program Files\MiKTeX\tex/generic/pgf/modules\pgfmoduleplot.code.tex
File: pgfmoduleplot.code.tex 2023-01-15 v3.1.10 (3.1.10)
)
(C:\Program Files\MiKTeX\tex/latex/pgf/compatibility\pgfcomp-version-0-65.sty
Package: pgfcomp-version-0-65 2023-01-15 v3.1.10 (3.1.10)
\pgf@nodesepstart=\dimen278
\pgf@nodesepend=\dimen279
)
(C:\Program Files\MiKTeX\tex/latex/pgf/compatibility\pgfcomp-version-1-18.sty
Package: pgfcomp-version-1-18 2023-01-15 v3.1.10 (3.1.10)
)) (C:\Program Files\MiKTeX\tex/latex/pgf/utilities\pgffor.sty
(C:\Program Files\MiKTeX\tex/latex/pgf/utilities\pgfkeys.sty
(C:\Program Files\MiKTeX\tex/generic/pgf/utilities\pgfkeys.code.tex))
(C:\Program Files\MiKTeX\tex/latex/pgf/math\pgfmath.sty
(C:\Program Files\MiKTeX\tex/generic/pgf/math\pgfmath.code.tex))
(C:\Program Files\MiKTeX\tex/generic/pgf/utilities\pgffor.code.tex
Package: pgffor 2023-01-15 v3.1.10 (3.1.10)
\pgffor@iter=\dimen280
\pgffor@skip=\dimen281
\pgffor@stack=\toks52
\pgffor@toks=\toks53
))
(C:\Program Files\MiKTeX\tex/generic/pgf/frontendlayer/tikz\tikz.code.tex
Package: tikz 2023-01-15 v3.1.10 (3.1.10)

(C:\Program Files\MiKTeX\tex/generic/pgf/libraries\pgflibraryplothandlers.code.
tex
File: pgflibraryplothandlers.code.tex 2023-01-15 v3.1.10 (3.1.10)
\pgf@plot@mark@count=\count357
\pgfplotmarksize=\dimen282
)
\tikz@lastx=\dimen283
\tikz@lasty=\dimen284
\tikz@lastxsaved=\dimen285
\tikz@lastysaved=\dimen286
\tikz@lastmovetox=\dimen287
\tikz@lastmovetoy=\dimen288
\tikzleveldistance=\dimen289
\tikzsiblingdistance=\dimen290
\tikz@figbox=\box112
\tikz@figbox@bg=\box113
\tikz@tempbox=\box114
\tikz@tempbox@bg=\box115
\tikztreelevel=\count358
\tikznumberofchildren=\count359
\tikznumberofcurrentchild=\count360
\tikz@fig@count=\count361
 (C:\Program Files\MiKTeX\tex/generic/pgf/modules\pgfmodulematrix.code.tex
File: pgfmodulematrix.code.tex 2023-01-15 v3.1.10 (3.1.10)
\pgfmatrixcurrentrow=\count362
\pgfmatrixcurrentcolumn=\count363
\pgf@matrix@numberofcolumns=\count364
)
\tikz@expandcount=\count365

(C:\Program Files\MiKTeX\tex/generic/pgf/frontendlayer/tikz/libraries\tikzlibra
rytopaths.code.tex
File: tikzlibrarytopaths.code.tex 2023-01-15 v3.1.10 (3.1.10)
)))
(C:\Program Files\MiKTeX\tex/generic/pgf/libraries\pgflibraryarrows.meta.code.t
ex
File: pgflibraryarrows.meta.code.tex 2023-01-15 v3.1.10 (3.1.10)
\pgfarrowinset=\dimen291
\pgfarrowlength=\dimen292
\pgfarrowwidth=\dimen293
\pgfarrowlinewidth=\dimen294
)
(C:\Program Files\MiKTeX\tex/generic/pgf/frontendlayer/tikz/libraries\tikzlibra
rypositioning.code.tex
File: tikzlibrarypositioning.code.tex 2023-01-15 v3.1.10 (3.1.10)
)) (C:\Program Files\MiKTeX\tex/generic/babel\babel.sty
Package: babel 2024/01/07 v24.1 The Babel package
\babel@savecnt=\count366
\U@D=\dimen295
\l@unhyphenated=\language79

(C:\Program Files\MiKTeX\tex/generic/babel\txtbabel.def)
\bbl@readstream=\read3
\bbl@dirlevel=\count367

*************************************
* Local config file bblopts.cfg used
*
(C:\Program Files\MiKTeX\tex/latex/arabi\bblopts.cfg
File: bblopts.cfg 2005/09/08 v0.1 add Arabic and Farsi to "declared" options of
 babel
)
(C:\Program Files\MiKTeX\tex/latex/babel-spanish\spanish.ldf
Language: spanish.ldf 2021/05/27 v5.0q Spanish support from the babel system
\es@quottoks=\toks54
\es@quotdepth=\count368
Package babel Info: Making " an active character on input line 570.
Package babel Info: Making . an active character on input line 675.
Package babel Info: Making < an active character on input line 722.
Package babel Info: Making > an active character on input line 722.
))
(C:\Program Files\MiKTeX\tex/generic/babel/locale/es\babel-spanish.tex
Package babel Info: Importing font and identification data for spanish
(babel)             from babel-es.ini. Reported on input line 11.
)
\Principal@idxfile=\write6
\openout6 = `Principal.idx'.


Writing index file Principal.idx
(C:\Program Files\MiKTeX\tex/latex/l3backend\l3backend-pdftex.def
File: l3backend-pdftex.def 2024-01-04 L3 backend support: PDF output (pdfTeX)
\l__color_backend_stack_int=\count369
\l__pdf_internal_box=\box116
)
(Principal.aux
LaTeX Info: Redefining \. on input line 13.
LaTeX Info: Redefining \% on input line 13.
)
\openout1 = `Principal.aux'.

LaTeX Font Info:    Checking defaults for OML/cmm/m/it on input line 12.
LaTeX Font Info:    ... okay on input line 12.
LaTeX Font Info:    Checking defaults for OMS/cmsy/m/n on input line 12.
LaTeX Font Info:    ... okay on input line 12.
LaTeX Font Info:    Checking defaults for OT1/cmr/m/n on input line 12.
LaTeX Font Info:    ... okay on input line 12.
LaTeX Font Info:    Checking defaults for T1/cmr/m/n on input line 12.
LaTeX Font Info:    ... okay on input line 12.
LaTeX Font Info:    Checking defaults for TS1/cmr/m/n on input line 12.
LaTeX Font Info:    ... okay on input line 12.
LaTeX Font Info:    Checking defaults for OMX/cmex/m/n on input line 12.
LaTeX Font Info:    ... okay on input line 12.
LaTeX Font Info:    Checking defaults for U/cmr/m/n on input line 12.
LaTeX Font Info:    ... okay on input line 12.
LaTeX Font Info:    Checking defaults for PD1/pdf/m/n on input line 12.
LaTeX Font Info:    ... okay on input line 12.
LaTeX Font Info:    Checking defaults for PU/pdf/m/n on input line 12.
LaTeX Font Info:    ... okay on input line 12.
Package hyperref Info: Link coloring ON on input line 12.
 (Principal.out) (Principal.out)
\@outlinefile=\write7
\openout7 = `Principal.out'.


(C:\Program Files\MiKTeX\tex/context/base/mkii\supp-pdf.mkii
[Loading MPS to PDF converter (version 2006.09.02).]
\scratchcounter=\count370
\scratchdimen=\dimen296
\scratchbox=\box117
\nofMPsegments=\count371
\nofMParguments=\count372
\everyMPshowfont=\toks55
\MPscratchCnt=\count373
\MPscratchDim=\dimen297
\MPnumerator=\count374
\makeMPintoPDFobject=\count375
\everyMPtoPDFconversion=\toks56
) (C:\Program Files\MiKTeX\tex/latex/epstopdf-pkg\epstopdf-base.sty
Package: epstopdf-base 2020-01-24 v2.11 Base part for package epstopdf

(C:\Program Files\MiKTeX\tex/latex/grfext\grfext.sty
Package: grfext 2019/12/03 v1.3 Manage graphics extensions (HO)
)
Package epstopdf-base Info: Redefining graphics rule for `.eps' on input line 4
85.
Package grfext Info: Graphics extension search list:
(grfext)             [.pdf,.png,.jpg,.mps,.jpeg,.jbig2,.jb2,.PDF,.PNG,.JPG,.JPE
G,.JBIG2,.JB2,.eps]
(grfext)             \AppendGraphicsExtensions on input line 504.

(C:\Program Files\MiKTeX\tex/latex/00miktex\epstopdf-sys.cfg
File: epstopdf-sys.cfg 2021/03/18 v2.0 Configuration of epstopdf for MiKTeX
))
*geometry* driver: auto-detecting
*geometry* detected driver: pdftex
*geometry* verbose mode - [ preamble ] result:
* driver: pdftex
* paper: a4paper
* layout: <same size as paper>
* layoutoffset:(h,v)=(0.0pt,0.0pt)
* modes: twoside 
* h-part:(L,W,R)=(99.58466pt, 426.79134pt, 71.13188pt)
* v-part:(T,H,B)=(101.40665pt, 591.5302pt, 152.11pt)
* \paperwidth=597.50787pt
* \paperheight=845.04684pt
* \textwidth=426.79134pt
* \textheight=591.5302pt
* \oddsidemargin=27.31467pt
* \evensidemargin=-1.1381pt
* \topmargin=-2.73714pt
* \headheight=12.5pt
* \headsep=19.8738pt
* \topskip=11.0pt
* \footskip=0.0pt
* \marginparwidth=106.0pt
* \marginparsep=7.0pt
* \columnsep=10.0pt
* \skip\footins=10.0pt plus 4.0pt minus 2.0pt
* \hoffset=0.0pt
* \voffset=0.0pt
* \mag=1000
* \@twocolumnfalse
* \@twosidetrue
* \@mparswitchtrue
* \@reversemarginfalse
* (1in=72.27pt=25.4mm, 1cm=28.453pt)

Package caption Info: Begin \AtBeginDocument code.
Package caption Info: listings package is loaded.
Package caption Info: End \AtBeginDocument code.
\c@lstlisting=\count376
(C:\Program Files\MiKTeX\tex/latex/pdflscape\pdflscape.sty
Package: pdflscape 2022-10-27 v0.13 Display of landscape pages in PDF

(C:\Program Files\MiKTeX\tex/latex/pdflscape\pdflscape-nometadata.sty
Package: pdflscape-nometadata 2022-10-28 v0.13 Display of landscape pages in PD
F (HO)

(C:\Program Files\MiKTeX\tex/latex/graphics\lscape.sty
Package: lscape 2020/05/28 v3.02 Landscape Pages (DPC)
)
Package pdflscape Info: Auto-detected driver: pdftex on input line 81.
))
LaTeX Info: Redefining \. on input line 12.
LaTeX Info: Redefining \% on input line 12.
 (style/titlepage.tex
<style/fig/ROJO_UPNA_300ppp.png, id=101, 284.5029pt x 151.0443pt>
File: style/fig/ROJO_UPNA_300ppp.png Graphic file (type png)
<use style/fig/ROJO_UPNA_300ppp.png>
Package pdftex.def Info: style/fig/ROJO_UPNA_300ppp.png  used on input line 7.
(pdftex.def)             Requested size: 85.35152pt x 45.31363pt.

[1
Non-PDF special ignored!
<special> header=psfrag.pro




{C:/Users/yasin/AppData/Local/MiKTeX/fonts/map/pdftex/pdftex.map} <./style/fig/
ROJO_UPNA_300ppp.png>] [2

]) (style/Dedicatoria.tex [3

] [4

]) (style/toc/toc.tex
LaTeX Font Info:    Trying to load font information for T1+cmss on input line 3
.

(C:\Program Files\MiKTeX\tex/latex/base\t1cmss.fd
File: t1cmss.fd 2023/04/13 v2.5m Standard LaTeX font definitions
) (Principal.toc
LaTeX Info: Redefining \. on input line 1.
LaTeX Info: Redefining \% on input line 1.
LaTeX Font Info:    Trying to load font information for U+msa on input line 7.

(C:\Program Files\MiKTeX\tex/latex/amsfonts\umsa.fd
File: umsa.fd 2013/01/14 v3.01 AMS symbols A
)
LaTeX Font Info:    Trying to load font information for U+msb on input line 7.

(C:\Program Files\MiKTeX\tex/latex/amsfonts\umsb.fd
File: umsb.fd 2013/01/14 v3.01 AMS symbols B
) [1



])
\tf@toc=\write8
\openout8 = `Principal.toc'.



LaTeX Font Warning: Font shape `T1/cmr/m/n' in size <11.5> not available
(Font)              size <12> substituted on input line 5.


LaTeX Font Warning: Font shape `T1/cmr/bx/n' in size <11.5> not available
(Font)              size <12> substituted on input line 5.


LaTeX Font Warning: Font shape `T1/cmr/bx/sc' in size <11.5> not available
(Font)              size <12> substituted on input line 5.

LaTeX Info: Redefining \. on input line 5.
LaTeX Info: Redefining \% on input line 5.

Package fancyhdr Warning: \headheight is too small (12.5pt): 
(fancyhdr)                Make it at least 13.79344pt, for example:
(fancyhdr)                \setlength{\headheight}{13.79344pt}.
(fancyhdr)                You might also make \topmargin smaller:
(fancyhdr)                \addtolength{\topmargin}{-1.29344pt}.

[2]) (style/toc/figures.tex (Principal.lof
LaTeX Info: Redefining \. on input line 1.
LaTeX Info: Redefining \% on input line 1.
 [3


])
\tf@lof=\write9
\openout9 = `Principal.lof'.

LaTeX Info: Redefining \. on input line 7.
LaTeX Info: Redefining \% on input line 7.


Package fancyhdr Warning: \headheight is too small (12.5pt): 
(fancyhdr)                Make it at least 13.79344pt, for example:
(fancyhdr)                \setlength{\headheight}{13.79344pt}.
(fancyhdr)                You might also make \topmargin smaller:
(fancyhdr)                \addtolength{\topmargin}{-1.29344pt}.

[4]) (style/toc/tables.tex (Principal.lot
LaTeX Info: Redefining \. on input line 1.
LaTeX Info: Redefining \% on input line 1.
)
\tf@lot=\write10
\openout10 = `Principal.lot'.

 [5

]) (style/toc/codes.tex [6

]
(Principal.lol
Overfull \hbox (30.60695pt too wide) detected at line 3
\T1/cmr/m/n/10.95 Ap輹dice.1. 
 []

)
\tf@lol=\write11
\openout11 = `Principal.lol'.

 [7]) [8

] (chapter2/Chapter2.tex
Cap\'{\i }tulo 1.
LaTeX Font Info:    Trying to load font information for OT1+pzc on input line 1
.
(C:\Program Files\MiKTeX\tex/latex/psnfss\ot1pzc.fd
File: ot1pzc.fd 2020/03/25 font definitions for OT1/pzc.
)
LaTeX Font Info:    Font shape `OT1/pzc/m/n' in size <76> not available
(Font)              Font shape `OT1/pzc/m/it' tried instead on input line 1.

Overfull \hbox (10.0pt too wide) in paragraph at lines 1--1
[][][][][][][][][]  
 []


pdfTeX warning (ext4): destination with the same identifier (name{page.1}) has 
been already used, duplicate ignored
<to be read again> 
                   \relax 
l.14 
      [1

{C:/Program Files/MiKTeX/fonts/enc/dvips/base/8r.enc}])
(chapter3/Chapter3.tex
LaTeX Info: Redefining \. on input line 1.
LaTeX Info: Redefining \% on input line 1.

pdfTeX warning (ext4): destination with the same identifier (name{page.2}) has 
been already used, duplicate ignored
<to be read again> 
                   \relax 
l.1 \chapter
            [An치lisis de requisitos]{An치lisis de requisitos} [2]
Cap\'{\i }tulo 2.

Overfull \hbox (10.0pt too wide) in paragraph at lines 1--1
[][][][][][][][][]  
 []


Package hyperref Warning: Difference (2) between bookmark levels is greater 
(hyperref)                than one, level fixed on input line 6.


pdfTeX warning (ext4): destination with the same identifier (name{page.3}) has 
been already used, duplicate ignored
<to be read again> 
                   \relax 
l.21 	
       [3

]
LaTeX Info: Redefining \. on input line 59.
LaTeX Info: Redefining \% on input line 59.

pdfTeX warning (ext4): destination with the same identifier (name{page.4}) has 
been already used, duplicate ignored
<to be read again> 
                   \relax 
l.59 	\item[Administrador del sistema:]
                                        mantiene la aplicaci칩n, gestiona us...
[4]) (chapter4/Chapter4.tex [5] [6

]
Cap\'{\i }tulo 3.

Overfull \hbox (10.0pt too wide) in paragraph at lines 1--1
[][][][][][][][][]  
 []

<fig/arquitecturaCapas.png, id=292, 612.78937pt x 322.20375pt>
File: fig/arquitecturaCapas.png Graphic file (type png)
<use fig/arquitecturaCapas.png>
Package pdftex.def Info: fig/arquitecturaCapas.png  used on input line 8.
(pdftex.def)             Requested size: 298.75262pt x 157.08475pt.

Underfull \vbox (badness 5105) has occurred while \output is active []

 [7 <./fig/arquitecturaCapas.png>]
LaTeX Font Info:    Trying to load font information for T1+cmtt on input line 1
7.
 (C:\Program Files\MiKTeX\tex/latex/base\t1cmtt.fd
File: t1cmtt.fd 2023/04/13 v2.5m Standard LaTeX font definitions
)
(C:\Program Files\MiKTeX\tex/latex/listings\lstlang1.sty
File: lstlang1.sty 2023/02/27 1.9 listings language file
)
Package hyperref Info: bookmark level for unknown lstlisting defaults to 0 on i
nput line 20.
LaTeX Info: Redefining \. on input line 27.
LaTeX Info: Redefining \% on input line 27.
 [8]
Overfull \hbox (48.14537pt too wide) in paragraph at lines 34--35
[][][][][][][][][][][][] 
 []


Overfull \hbox (34.56517pt too wide) in paragraph at lines 48--49
[][][][][][][][]  
 []


Overfull \hbox (27.77507pt too wide) in paragraph at lines 57--59
[][][][][][][][][][][][]  
 []


Underfull \vbox (badness 10000) has occurred while \output is active []

LaTeX Info: Redefining \. on input line 59.
LaTeX Info: Redefining \% on input line 59.
 [9]
LaTeX Info: Redefining \. on input line 82.
LaTeX Info: Redefining \% on input line 82.

[10]) (chapter5/Chapter5.tex
LaTeX Info: Redefining \. on input line 1.
LaTeX Info: Redefining \% on input line 1.
 [11] [12

]
Cap\'{\i }tulo 4.

Overfull \hbox (10.0pt too wide) in paragraph at lines 1--1
[][][][][][][][][]  
 []

[13]
<fig/home.png, id=388, 1011.78pt x 489.32813pt>
File: fig/home.png Graphic file (type png)
<use fig/home.png>
Package pdftex.def Info: fig/home.png  used on input line 25.
(pdftex.def)             Requested size: 298.75262pt x 144.48494pt.
<fig/plataformaAprendizaje.png, id=390, 1035.87pt x 438.13687pt>
File: fig/plataformaAprendizaje.png Graphic file (type png)
<use fig/plataformaAprendizaje.png>
Package pdftex.def Info: fig/plataformaAprendizaje.png  used on input line 35.
(pdftex.def)             Requested size: 298.75262pt x 126.36115pt.
LaTeX Info: Redefining \. on input line 43.
LaTeX Info: Redefining \% on input line 43.
 [14 <./fig/home.png> <./fig/plataformaAprendizaje.png>]
<fig/plataformaCiberseguridad.png, id=401, 910.15031pt x 446.41782pt>
File: fig/plataformaCiberseguridad.png Graphic file (type png)
<use fig/plataformaCiberseguridad.png>
Package pdftex.def Info: fig/plataformaCiberseguridad.png  used on input line 4
9.
(pdftex.def)             Requested size: 298.75262pt x 146.53497pt.
<fig/cuestionarioIntake.png, id=403, 1029.8475pt x 524.71031pt>
File: fig/cuestionarioIntake.png Graphic file (type png)
<use fig/cuestionarioIntake.png>
Package pdftex.def Info: fig/cuestionarioIntake.png  used on input line 60.
(pdftex.def)             Requested size: 298.75262pt x 152.21013pt.

Underfull \vbox (badness 10000) has occurred while \output is active []

LaTeX Info: Redefining \. on input line 64.
LaTeX Info: Redefining \% on input line 64.
 [15 <./fig/plataformaCiberseguridad.png>]
<fig/pestanaDatosGenerales.png, id=410, 1225.57875pt x 591.71063pt>
File: fig/pestanaDatosGenerales.png Graphic file (type png)
<use fig/pestanaDatosGenerales.png>
Package pdftex.def Info: fig/pestanaDatosGenerales.png  used on input line 70.
(pdftex.def)             Requested size: 298.75262pt x 144.23453pt.
LaTeX Info: Redefining \. on input line 82.
LaTeX Info: Redefining \% on input line 82.
 [16 <./fig/cuestionarioIntake.png> <./fig/pestanaDatosGenerales.png>]
Overfull \hbox (8.14478pt too wide) in paragraph at lines 86--87
[]\T1/cmr/m/n/10.95 Comunidades en pr徑-ti-cas (apren-di-za-je en co-mu-ni-dad 
o so-cial), apren-
 []

LaTeX Info: Redefining \. on input line 103.
LaTeX Info: Redefining \% on input line 103.
[17]
<fig/seleccionarPropuestaFormacion.png, id=422, 1011.78pt x 494.59781pt>
File: fig/seleccionarPropuestaFormacion.png Graphic file (type png)
<use fig/seleccionarPropuestaFormacion.png>
Package pdftex.def Info: fig/seleccionarPropuestaFormacion.png  used on input l
ine 112.
(pdftex.def)             Requested size: 298.75262pt x 146.04092pt.
<fig/restoPestanas.png, id=424, 596.98032pt x 52.69687pt>
File: fig/restoPestanas.png Graphic file (type png)
<use fig/restoPestanas.png>
Package pdftex.def Info: fig/restoPestanas.png  used on input line 122.
(pdftex.def)             Requested size: 298.75262pt x 26.37167pt.
<fig/pestanaDocentes.png, id=426, 745.28438pt x 386.94562pt>
File: fig/pestanaDocentes.png Graphic file (type png)
<use fig/pestanaDocentes.png>
Package pdftex.def Info: fig/pestanaDocentes.png  used on input line 130.
(pdftex.def)             Requested size: 298.75262pt x 155.10614pt.
LaTeX Info: Redefining \. on input line 134.
LaTeX Info: Redefining \% on input line 134.
 [18 <./fig/seleccionarPropuestaFormacion.png> <./fig/restoPestanas.png>]
<fig/asistentesEnvioConvocatoria.png, id=434, 733.23938pt x 176.91093pt>
File: fig/asistentesEnvioConvocatoria.png Graphic file (type png)
<use fig/asistentesEnvioConvocatoria.png>
Package pdftex.def Info: fig/asistentesEnvioConvocatoria.png  used on input lin
e 139.
(pdftex.def)             Requested size: 298.75262pt x 72.08043pt.
LaTeX Info: Redefining \. on input line 153.
LaTeX Info: Redefining \% on input line 153.

[19 <./fig/pestanaDocentes.png> <./fig/asistentesEnvioConvocatoria.png>]
<fig/encuestaEficacia.png, id=444, 809.27344pt x 319.1925pt>
File: fig/encuestaEficacia.png Graphic file (type png)
<use fig/encuestaEficacia.png>
Package pdftex.def Info: fig/encuestaEficacia.png  used on input line 159.
(pdftex.def)             Requested size: 298.75262pt x 117.83636pt.
<fig/pestanaValoraciones.png, id=446, 806.26219pt x 453.94594pt>
File: fig/pestanaValoraciones.png Graphic file (type png)
<use fig/pestanaValoraciones.png>
Package pdftex.def Info: fig/pestanaValoraciones.png  used on input line 169.
(pdftex.def)             Requested size: 298.75262pt x 168.20673pt.
<fig/detallesEncuesta.png, id=448, 758.08218pt x 225.84375pt>
File: fig/detallesEncuesta.png Graphic file (type png)
<use fig/detallesEncuesta.png>
Package pdftex.def Info: fig/detallesEncuesta.png  used on input line 178.
(pdftex.def)             Requested size: 298.75262pt x 89.00224pt.

Underfull \vbox (badness 1484) has occurred while \output is active []

LaTeX Info: Redefining \. on input line 182.
LaTeX Info: Redefining \% on input line 182.
 [20 <./fig/encuestaEficacia.png> <./fig/pestanaValoraciones.png>]
<fig/pestanaCalendarios.png, id=457, 799.48688pt x 450.9347pt>
File: fig/pestanaCalendarios.png Graphic file (type png)
<use fig/pestanaCalendarios.png>
Package pdftex.def Info: fig/pestanaCalendarios.png  used on input line 186.
(pdftex.def)             Requested size: 298.75262pt x 168.50835pt.
<fig/pestanaHistorico.png, id=459, 953.81343pt x 494.59781pt>
File: fig/pestanaHistorico.png Graphic file (type png)
<use fig/pestanaHistorico.png>
Package pdftex.def Info: fig/pestanaHistorico.png  used on input line 195.
(pdftex.def)             Requested size: 298.75262pt x 154.91614pt.

Underfull \vbox (badness 10000) has occurred while \output is active []

LaTeX Info: Redefining \. on input line 199.
LaTeX Info: Redefining \% on input line 199.
 [21 <./fig/detallesEncuesta.png> <./fig/pestanaCalendarios.png>]
<fig/pestanaGestion.png, id=467, 895.09406pt x 496.85625pt>
File: fig/pestanaGestion.png Graphic file (type png)
<use fig/pestanaGestion.png>
Package pdftex.def Info: fig/pestanaGestion.png  used on input line 203.
(pdftex.def)             Requested size: 298.75262pt x 165.83566pt.
<fig/listadoPedidos.png, id=469, 1150.2975pt x 565.36218pt>
File: fig/listadoPedidos.png Graphic file (type png)
<use fig/listadoPedidos.png>
Package pdftex.def Info: fig/listadoPedidos.png  used on input line 211.
(pdftex.def)             Requested size: 298.75262pt x 146.83542pt.

Underfull \vbox (badness 10000) has occurred while \output is active []

LaTeX Info: Redefining \. on input line 215.
LaTeX Info: Redefining \% on input line 215.
 [22 <./fig/pestanaHistorico.png> <./fig/pestanaGestion.png>]
<fig/pestanaGestionConPedidos.png, id=476, 772.38562pt x 427.5975pt>
File: fig/pestanaGestionConPedidos.png Graphic file (type png)
<use fig/pestanaGestionConPedidos.png>
Package pdftex.def Info: fig/pestanaGestionConPedidos.png  used on input line 2
19.
(pdftex.def)             Requested size: 298.75262pt x 165.39218pt.
<fig/pestanaSolicitudes.png, id=479, 762.59906pt x 424.58624pt>
File: fig/pestanaSolicitudes.png Graphic file (type png)
<use fig/pestanaSolicitudes.png>
Package pdftex.def Info: fig/pestanaSolicitudes.png  used on input line 228.
(pdftex.def)             Requested size: 298.75262pt x 166.33301pt.

Underfull \vbox (badness 10000) has occurred while \output is active []

LaTeX Info: Redefining \. on input line 232.
LaTeX Info: Redefining \% on input line 232.
 [23 <./fig/listadoPedidos.png> <./fig/pestanaGestionConPedidos.png>]
<fig/pantallaHomeFormacionesCreadas.png, id=488, 779.16093pt x 394.47375pt>
File: fig/pantallaHomeFormacionesCreadas.png Graphic file (type png)
<use fig/pantallaHomeFormacionesCreadas.png>
Package pdftex.def Info: fig/pantallaHomeFormacionesCreadas.png  used on input 
line 240.
(pdftex.def)             Requested size: 298.75262pt x 151.24986pt.
LaTeX Info: Redefining \. on input line 245.
LaTeX Info: Redefining \% on input line 245.
 [24 <./fig/pestanaSolicitudes.png> <./fig/pantallaHomeFormacionesCreadas.png>]
<fig/btnClonarFormacion.png, id=496, 817.55438pt x 444.91219pt>
File: fig/btnClonarFormacion.png Graphic file (type png)
<use fig/btnClonarFormacion.png>
Package pdftex.def Info: fig/btnClonarFormacion.png  used on input line 250.
(pdftex.def)             Requested size: 298.75262pt x 162.57828pt.


! LaTeX Error: There's no line here to end.

See the LaTeX manual or LaTeX Companion for explanation.
Type  H <return>  for immediate help.
 ...                                              
                                                  
l.262 E
       n el momento en que un trabajador crea una acci칩n formativa, la soli...

Your command was ignored.
Type  I <command> <return>  to replace it with another command,
or  <return>  to continue without it.

LaTeX Info: Redefining \. on input line 266.
LaTeX Info: Redefining \% on input line 266.
[25 <./fig/btnClonarFormacion.png>]
LaTeX Info: Redefining \. on input line 320.
LaTeX Info: Redefining \% on input line 320.
 [26]
<fig/ListadoPlanes.png, id=511, 898.85812pt x 432.86719pt>
File: fig/ListadoPlanes.png Graphic file (type png)
<use fig/ListadoPlanes.png>
Package pdftex.def Info: fig/ListadoPlanes.png  used on input line 326.
(pdftex.def)             Requested size: 298.75262pt x 143.87038pt.

Underfull \vbox (badness 10000) has occurred while \output is active []

LaTeX Info: Redefining \. on input line 330.
LaTeX Info: Redefining \% on input line 330.
 [27]
<fig/formularioPlanFormacion.png, id=518, 774.64406pt x 430.60875pt>
File: fig/formularioPlanFormacion.png Graphic file (type png)
<use fig/formularioPlanFormacion.png>
Package pdftex.def Info: fig/formularioPlanFormacion.png  used on input line 33
3.
(pdftex.def)             Requested size: 298.75262pt x 166.0707pt.
<fig/pestanasPlanFormacion.png, id=520, 849.1725pt x 482.55281pt>
File: fig/pestanasPlanFormacion.png Graphic file (type png)
<use fig/pestanasPlanFormacion.png>
Package pdftex.def Info: fig/pestanasPlanFormacion.png  used on input line 340.

(pdftex.def)             Requested size: 298.75262pt x 169.77222pt.

Underfull \vbox (badness 10000) has occurred while \output is active []

LaTeX Info: Redefining \. on input line 344.
LaTeX Info: Redefining \% on input line 344.
 [28 <./fig/ListadoPlanes.png> <./fig/formularioPlanFormacion.png>]
<fig/pestanaDepartamentosPlanFormacion.png, id=528, 687.31781pt x 363.60844pt>
File: fig/pestanaDepartamentosPlanFormacion.png Graphic file (type png)
<use fig/pestanaDepartamentosPlanFormacion.png>
Package pdftex.def Info: fig/pestanaDepartamentosPlanFormacion.png  used on inp
ut line 348.
(pdftex.def)             Requested size: 298.75262pt x 158.04633pt.
<fig/permisosUsuariosDepartamento.png, id=530, 677.53125pt x 66.2475pt>
File: fig/permisosUsuariosDepartamento.png Graphic file (type png)
<use fig/permisosUsuariosDepartamento.png>
Package pdftex.def Info: fig/permisosUsuariosDepartamento.png  used on input li
ne 355.
(pdftex.def)             Requested size: 298.75262pt x 29.21165pt.
<fig/pantallaListadoPropuestasPlanFormacion.png, id=532, 892.08281pt x 498.3618
8pt>
File: fig/pantallaListadoPropuestasPlanFormacion.png Graphic file (type png)
<use fig/pantallaListadoPropuestasPlanFormacion.png>
Package pdftex.def Info: fig/pantallaListadoPropuestasPlanFormacion.png  used o
n input line 363.
(pdftex.def)             Requested size: 298.75262pt x 166.90092pt.
LaTeX Info: Redefining \. on input line 367.
LaTeX Info: Redefining \% on input line 367.
 [29 <./fig/pestanasPlanFormacion.png> <./fig/pestanaDepartamentosPlanFormacion
.png> <./fig/permisosUsuariosDepartamento.png>]
<fig/formularioCrearPropuestaFormacion.png, id=542, 934.99312pt x 521.69907pt>
File: fig/formularioCrearPropuestaFormacion.png Graphic file (type png)
<use fig/formularioCrearPropuestaFormacion.png>
Package pdftex.def Info: fig/formularioCrearPropuestaFormacion.png  used on inp
ut line 378.
(pdftex.def)             Requested size: 298.75262pt x 166.69237pt.
LaTeX Info: Redefining \. on input line 385.
LaTeX Info: Redefining \% on input line 385.
 [30 <./fig/pantallaListadoPropuestasPlanFormacion.png> <./fig/formularioCrearP
ropuestaFormacion.png>]
<fig/listadoPropuestas1FilaSeleccionada.png, id=552, 953.06062pt x 306.39468pt>

File: fig/listadoPropuestas1FilaSeleccionada.png Graphic file (type png)
<use fig/listadoPropuestas1FilaSeleccionada.png>
Package pdftex.def Info: fig/listadoPropuestas1FilaSeleccionada.png  used on in
put line 391.
(pdftex.def)             Requested size: 298.75262pt x 96.04263pt.
<fig/listadoPropuestas2FilasSeleccionadas.png, id=553, 943.27406pt x 335.75438p
t>
File: fig/listadoPropuestas2FilasSeleccionadas.png Graphic file (type png)
<use fig/listadoPropuestas2FilasSeleccionadas.png>
Package pdftex.def Info: fig/listadoPropuestas2FilasSeleccionadas.png  used on 
input line 397.
(pdftex.def)             Requested size: 298.75262pt x 106.3421pt.
<fig/pestanaAsistentesDentroDePropuestas.png, id=557, 456.20438pt x 173.14688pt
>
File: fig/pestanaAsistentesDentroDePropuestas.png Graphic file (type png)
<use fig/pestanaAsistentesDentroDePropuestas.png>
Package pdftex.def Info: fig/pestanaAsistentesDentroDePropuestas.png  used on i
nput line 411.
(pdftex.def)             Requested size: 298.75262pt x 113.38957pt.
<fig/pestanaPropuestasUnificadasDentroDePropuestas.png, id=558, 904.1278pt x 22
7.34938pt>
File: fig/pestanaPropuestasUnificadasDentroDePropuestas.png Graphic file (type 
png)
<use fig/pestanaPropuestasUnificadasDentroDePropuestas.png>
Package pdftex.def Info: fig/pestanaPropuestasUnificadasDentroDePropuestas.png 
 used on input line 417.
(pdftex.def)             Requested size: 298.75262pt x 75.12265pt.
LaTeX Info: Redefining \. on input line 420.
LaTeX Info: Redefining \% on input line 420.
 [31 <./fig/listadoPropuestas1FilaSeleccionada.png> <./fig/listadoPropuestas2Fi
lasSeleccionadas.png>]
<fig/pestanaFormacionesDentroDePropuestas.png, id=566, 482.55281pt x 97.86563pt
>
File: fig/pestanaFormacionesDentroDePropuestas.png Graphic file (type png)
<use fig/pestanaFormacionesDentroDePropuestas.png>
Package pdftex.def Info: fig/pestanaFormacionesDentroDePropuestas.png  used on 
input line 423.
(pdftex.def)             Requested size: 298.75262pt x 60.59093pt.
)
LaTeX Info: Redefining \. on input line 64.
LaTeX Info: Redefining \% on input line 64.
 [32 <./fig/pestanaAsistentesDentroDePropuestas.png> <./fig/pestanaPropuestasUn
ificadasDentroDePropuestas.png> <./fig/pestanaFormacionesDentroDePropuestas.png
>]
(bibliography/bibliography.tex (Principal.bbl

LaTeX Warning: Empty `thebibliography' environment on input line 3.

) [33



]) (style/index.tex [34


]
runsystem(makeindex Principal.idx)...executed safely (allowed).

 (Principal.ind)) (appendix/Appendix.tex
(C:\Program Files\MiKTeX\tex/latex/listings\lstlang1.sty
File: lstlang1.sty 2023/02/27 1.9 listings language file
) (code/Calendario.java)) [35



] (Principal.aux
LaTeX Info: Redefining \. on input line 13.
LaTeX Info: Redefining \% on input line 13.
)
 ***********
LaTeX2e <2023-11-01> patch level 1
L3 programming layer <2024-01-04>
 ***********


LaTeX Font Warning: Size substitutions with differences
(Font)              up to 0.5pt have occurred.

Package rerunfilecheck Info: File `Principal.out' has not changed.
(rerunfilecheck)             Checksum: 1679163FAFED01CA5CA76620B1CC27EF;3937.
 ) 
Here is how much of TeX's memory you used:
 28563 strings out of 474486
 525509 string characters out of 5753569
 2010542 words of memory out of 5000000
 50080 multiletter control sequences out of 15000+600000
 577811 words of font info for 82 fonts, out of 8000000 for 9000
 1141 hyphenation exceptions out of 8191
 99i,13n,101p,1311b,2262s stack positions out of 10000i,1000n,20000p,200000b,200000s
 <C:\Users\yasin\AppData\Local\MiKTeX\fonts/pk/ljfour/jknappen/ec/dpi600\tcrm
0900.pk> <C:\Users\yasin\AppData\Local\MiKTeX\fonts/pk/ljfour/jknappen/ec/dpi60
0\tcrm1095.pk> <C:\Users\yasin\AppData\Local\MiKTeX\fonts/pk/ljfour/jknappen/ec
/dpi600\ectt1095.pk> <C:\Users\yasin\AppData\Local\MiKTeX\fonts/pk/ljfour/jknap
pen/ec/dpi600\ecrm0900.pk> <C:\Users\yasin\AppData\Local\MiKTeX\fonts/pk/ljfour
/jknappen/ec/dpi600\ecrm0600.pk> <C:\Users\yasin\AppData\Local\MiKTeX\fonts/pk/
ljfour/jknappen/ec/dpi600\ecrm0800.pk> <C:\Users\yasin\AppData\Local\MiKTeX\fon
ts/pk/ljfour/jknappen/ec/dpi600\ecxc1200.pk> <C:\Users\yasin\AppData\Local\MiKT
eX\fonts/pk/ljfour/jknappen/ec/dpi600\ecxc1095.pk> <C:\Users\yasin\AppData\Loca
l\MiKTeX\fonts/pk/ljfour/jknappen/ec/dpi600\ecbx1095.pk> <C:\Users\yasin\AppDat
a\Local\MiKTeX\fonts/pk/ljfour/jknappen/ec/dpi600\ecsx1440.pk> <C:\Users\yasin\
AppData\Local\MiKTeX\fonts/pk/ljfour/jknappen/ec/dpi600\ecti1095.pk> <C:\Users\
yasin\AppData\Local\MiKTeX\fonts/pk/ljfour/jknappen/ec/dpi600\ecbx1200.pk> <C:\
Users\yasin\AppData\Local\MiKTeX\fonts/pk/ljfour/jknappen/ec/dpi600\ecbx1440.pk
> <C:\Users\yasin\AppData\Local\MiKTeX\fonts/pk/ljfour/jknappen/ec/dpi600\ecrm1
200.pk> <C:\Users\yasin\AppData\Local\MiKTeX\fonts/pk/ljfour/jknappen/ec/dpi600
\ecrm1095.pk><C:/Program Files/MiKTeX/fonts/type1/urw/zapfchan/uzcmi8a.pfb>
Output written on Principal.pdf (47 pages, 3558378 bytes).
PDF statistics:
 1157 PDF objects out of 1200 (max. 8388607)
 178 named destinations out of 1000 (max. 500000)
 375 words of extra memory for PDF output out of 10000 (max. 10000000)

